<?xml version="1.0" encoding="UTF-8"?>
<coverage generated="1494867728697" clover="3.2.0">
  <project timestamp="1494867728698" name="All files">
    <metrics statements="97" coveredstatements="76" conditionals="23" coveredconditionals="19" methods="27" coveredmethods="21" elements="147" coveredelements="116" complexity="0" loc="97" ncloc="97" packages="7" files="15" classes="15">
      <package name="components">
        <metrics statements="57" coveredstatements="38" conditionals="15" coveredconditionals="11" methods="21" coveredmethods="15"/>
        <file name="ArticleItems.jsx" path="/Users/andeladeveloper/projects/NewsFeedAPI/app/components/ArticleItems.jsx">
          <metrics statements="9" coveredstatements="9" conditionals="7" coveredconditionals="7" methods="1" coveredmethods="1"/>
          <line num="3" count="8" type="stmt"/>
          <line num="13" count="981" type="stmt"/>
          <line num="15" count="981" type="stmt"/>
          <line num="17" count="981" type="cond" truecount="2" falsecount="0"/>
          <line num="18" count="687" type="stmt"/>
          <line num="20" count="294" type="stmt"/>
          <line num="23" count="981" type="cond" truecount="2" falsecount="0"/>
          <line num="26" count="980" type="stmt"/>
          <line num="35" count="981" type="stmt"/>
        </file>
        <file name="Articles.jsx" path="/Users/andeladeveloper/projects/NewsFeedAPI/app/components/Articles.jsx">
          <metrics statements="17" coveredstatements="12" conditionals="2" coveredconditionals="2" methods="8" coveredmethods="6"/>
          <line num="17" count="10" type="stmt"/>
          <line num="18" count="10" type="stmt"/>
          <line num="22" count="10" type="stmt"/>
          <line num="26" count="49" type="stmt"/>
          <line num="30" count="10" type="stmt"/>
          <line num="34" count="0" type="stmt"/>
          <line num="41" count="0" type="stmt"/>
          <line num="42" count="0" type="stmt"/>
          <line num="43" count="0" type="stmt"/>
          <line num="44" count="0" type="stmt"/>
          <line num="48" count="109" type="stmt"/>
          <line num="49" count="109" type="stmt"/>
          <line num="51" count="109" type="cond" truecount="2" falsecount="0"/>
          <line num="52" count="98" type="stmt"/>
          <line num="53" count="980" type="stmt"/>
          <line num="57" count="109" type="stmt"/>
          <line num="62" count="109" type="stmt"/>
        </file>
        <file name="Footer.jsx" path="/Users/andeladeveloper/projects/NewsFeedAPI/app/components/Footer.jsx">
          <metrics statements="2" coveredstatements="2" conditionals="0" coveredconditionals="0" methods="1" coveredmethods="1"/>
          <line num="1" count="3" type="stmt"/>
          <line num="8" count="3" type="stmt"/>
        </file>
        <file name="Header.jsx" path="/Users/andeladeveloper/projects/NewsFeedAPI/app/components/Header.jsx">
          <metrics statements="1" coveredstatements="1" conditionals="0" coveredconditionals="0" methods="1" coveredmethods="1"/>
          <line num="9" count="2" type="stmt"/>
        </file>
        <file name="SourceItems.jsx" path="/Users/andeladeveloper/projects/NewsFeedAPI/app/components/SourceItems.jsx">
          <metrics statements="1" coveredstatements="1" conditionals="0" coveredconditionals="0" methods="1" coveredmethods="1"/>
          <line num="10" count="3432" type="stmt"/>
        </file>
        <file name="Sources.jsx" path="/Users/andeladeveloper/projects/NewsFeedAPI/app/components/Sources.jsx">
          <metrics statements="27" coveredstatements="13" conditionals="6" coveredconditionals="2" methods="9" coveredmethods="5"/>
          <line num="15" count="12" type="stmt"/>
          <line num="16" count="12" type="stmt"/>
          <line num="23" count="12" type="stmt"/>
          <line num="24" count="12" type="stmt"/>
          <line num="25" count="12" type="stmt"/>
          <line num="27" count="12" type="stmt"/>
          <line num="31" count="9" type="stmt"/>
          <line num="32" count="9" type="stmt"/>
          <line num="33" count="9" type="stmt"/>
          <line num="37" count="0" type="stmt"/>
          <line num="46" count="50" type="stmt"/>
          <line num="50" count="0" type="stmt"/>
          <line num="55" count="0" type="stmt"/>
          <line num="63" count="0" type="stmt"/>
          <line num="64" count="0" type="stmt"/>
          <line num="65" count="0" type="stmt"/>
          <line num="67" count="0" type="cond" truecount="0" falsecount="2"/>
          <line num="68" count="0" type="stmt"/>
          <line num="72" count="0" type="stmt"/>
          <line num="73" count="0" type="stmt"/>
          <line num="74" count="0" type="cond" truecount="0" falsecount="2"/>
          <line num="75" count="0" type="stmt"/>
          <line num="76" count="0" type="stmt"/>
          <line num="88" count="62" type="stmt"/>
          <line num="89" count="62" type="stmt"/>
          <line num="101" count="3430" type="stmt"/>
          <line num="106" count="0" type="stmt"/>
        </file>
      </package>
      <package name="components.Header">
        <metrics statements="1" coveredstatements="1" conditionals="0" coveredconditionals="0" methods="1" coveredmethods="1"/>
        <file name="Nav.jsx" path="/Users/andeladeveloper/projects/NewsFeedAPI/app/components/Header/Nav.jsx">
          <metrics statements="1" coveredstatements="1" conditionals="0" coveredconditionals="0" methods="1" coveredmethods="1"/>
          <line num="6" count="3" type="stmt"/>
        </file>
      </package>
      <package name="components.containers">
        <metrics statements="1" coveredstatements="1" conditionals="0" coveredconditionals="0" methods="1" coveredmethods="1"/>
        <file name="Main.jsx" path="/Users/andeladeveloper/projects/NewsFeedAPI/app/components/containers/Main.jsx">
          <metrics statements="1" coveredstatements="1" conditionals="0" coveredconditionals="0" methods="1" coveredmethods="1"/>
          <line num="12" count="2" type="stmt"/>
        </file>
      </package>
      <package name="constants">
        <metrics statements="0" coveredstatements="0" conditionals="0" coveredconditionals="0" methods="0" coveredmethods="0"/>
        <file name="EventConstants.js" path="/Users/andeladeveloper/projects/NewsFeedAPI/app/constants/EventConstants.js">
          <metrics statements="0" coveredstatements="0" conditionals="0" coveredconditionals="0" methods="0" coveredmethods="0"/>
        </file>
        <file name="NewsConstants.js" path="/Users/andeladeveloper/projects/NewsFeedAPI/app/constants/NewsConstants.js">
          <metrics statements="0" coveredstatements="0" conditionals="0" coveredconditionals="0" methods="0" coveredmethods="0"/>
        </file>
      </package>
      <package name="dispatcher">
        <metrics statements="1" coveredstatements="1" conditionals="0" coveredconditionals="0" methods="0" coveredmethods="0"/>
        <file name="AppDispatcher.js" path="/Users/andeladeveloper/projects/NewsFeedAPI/app/dispatcher/AppDispatcher.js">
          <metrics statements="1" coveredstatements="1" conditionals="0" coveredconditionals="0" methods="0" coveredmethods="0"/>
          <line num="4" count="10" type="stmt"/>
        </file>
      </package>
      <package name="stores">
        <metrics statements="28" coveredstatements="26" conditionals="8" coveredconditionals="8" methods="2" coveredmethods="2"/>
        <file name="NewsStore.js" path="/Users/andeladeveloper/projects/NewsFeedAPI/app/stores/NewsStore.js">
          <metrics statements="14" coveredstatements="14" conditionals="4" coveredconditionals="4" methods="1" coveredmethods="1"/>
          <line num="8" count="8" type="stmt"/>
          <line num="15" count="8" type="stmt"/>
          <line num="17" count="11" type="stmt"/>
          <line num="21" count="1" type="stmt"/>
          <line num="25" count="60" type="stmt"/>
          <line num="30" count="8" type="stmt"/>
          <line num="31" count="15" type="cond" truecount="2" falsecount="0"/>
          <line num="33" count="7" type="cond" truecount="2" falsecount="0"/>
          <line num="34" count="7" type="stmt"/>
          <line num="35" count="7" type="stmt"/>
          <line num="36" count="7" type="stmt"/>
          <line num="37" count="7" type="stmt"/>
          <line num="38" count="7" type="stmt"/>
          <line num="40" count="8" type="stmt"/>
        </file>
        <file name="SourceStore.js" path="/Users/andeladeveloper/projects/NewsFeedAPI/app/stores/SourceStore.js">
          <metrics statements="14" coveredstatements="12" conditionals="4" coveredconditionals="4" methods="1" coveredmethods="1"/>
          <line num="8" count="8" type="stmt"/>
          <line num="13" count="8" type="stmt"/>
          <line num="16" count="10" type="stmt"/>
          <line num="20" count="0" type="stmt"/>
          <line num="24" count="0" type="stmt"/>
          <line num="28" count="1" type="stmt"/>
          <line num="33" count="51" type="stmt"/>
          <line num="38" count="8" type="stmt"/>
          <line num="40" count="15" type="cond" truecount="2" falsecount="0"/>
          <line num="42" count="8" type="cond" truecount="2" falsecount="0"/>
          <line num="43" count="8" type="stmt"/>
          <line num="44" count="8" type="stmt"/>
          <line num="45" count="8" type="stmt"/>
          <line num="48" count="7" type="stmt"/>
        </file>
      </package>
      <package name="utils">
        <metrics statements="9" coveredstatements="9" conditionals="0" coveredconditionals="0" methods="2" coveredmethods="2"/>
        <file name="config.js" path="/Users/andeladeveloper/projects/NewsFeedAPI/app/utils/config.js">
          <metrics statements="0" coveredstatements="0" conditionals="0" coveredconditionals="0" methods="0" coveredmethods="0"/>
        </file>
        <file name="share.jsx" path="/Users/andeladeveloper/projects/NewsFeedAPI/app/utils/share.jsx">
          <metrics statements="9" coveredstatements="9" conditionals="0" coveredconditionals="0" methods="2" coveredmethods="2"/>
          <line num="5" count="9" type="stmt"/>
          <line num="7" count="9" type="stmt"/>
          <line num="8" count="9" type="stmt"/>
          <line num="9" count="9" type="stmt"/>
          <line num="10" count="9" type="stmt"/>
          <line num="14" count="71" type="stmt"/>
          <line num="17" count="981" type="stmt"/>
          <line num="18" count="981" type="stmt"/>
          <line num="20" count="981" type="stmt"/>
        </file>
      </package>
    </metrics>
  </project>
</coverage>
