{"/Users/andeladeveloper/projects/NewsFeedAPI/app/actions/NewsActions.js": {"path":"/Users/andeladeveloper/projects/NewsFeedAPI/app/actions/NewsActions.js","statementMap":{"0":{"start":{"line":10,"column":20},"end":{"line":53,"column":1}},"1":{"start":{"line":13,"column":4},"end":{"line":27,"column":9}},"2":{"start":{"line":20,"column":8},"end":{"line":20,"column":28}},"3":{"start":{"line":20,"column":17},"end":{"line":20,"column":28}},"4":{"start":{"line":21,"column":8},"end":{"line":26,"column":9}},"5":{"start":{"line":22,"column":10},"end":{"line":25,"column":13}},"6":{"start":{"line":37,"column":4},"end":{"line":51,"column":9}},"7":{"start":{"line":44,"column":8},"end":{"line":44,"column":28}},"8":{"start":{"line":44,"column":17},"end":{"line":44,"column":28}},"9":{"start":{"line":45,"column":8},"end":{"line":50,"column":9}},"10":{"start":{"line":46,"column":10},"end":{"line":49,"column":13}}},"fnMap":{"0":{"name":"(anonymous_0)","decl":{"start":{"line":12,"column":18},"end":{"line":12,"column":19}},"loc":{"start":{"line":12,"column":24},"end":{"line":28,"column":3}},"line":12},"1":{"name":"(anonymous_1)","decl":{"start":{"line":19,"column":11},"end":{"line":19,"column":12}},"loc":{"start":{"line":19,"column":30},"end":{"line":27,"column":7}},"line":19},"2":{"name":"(anonymous_2)","decl":{"start":{"line":43,"column":11},"end":{"line":43,"column":12}},"loc":{"start":{"line":43,"column":30},"end":{"line":51,"column":7}},"line":43}},"branchMap":{"0":{"loc":{"start":{"line":20,"column":8},"end":{"line":20,"column":28}},"type":"if","locations":[{"start":{"line":20,"column":8},"end":{"line":20,"column":28}},{"start":{"line":20,"column":8},"end":{"line":20,"column":28}}],"line":20},"1":{"loc":{"start":{"line":21,"column":8},"end":{"line":26,"column":9}},"type":"if","locations":[{"start":{"line":21,"column":8},"end":{"line":26,"column":9}},{"start":{"line":21,"column":8},"end":{"line":26,"column":9}}],"line":21},"2":{"loc":{"start":{"line":44,"column":8},"end":{"line":44,"column":28}},"type":"if","locations":[{"start":{"line":44,"column":8},"end":{"line":44,"column":28}},{"start":{"line":44,"column":8},"end":{"line":44,"column":28}}],"line":44},"3":{"loc":{"start":{"line":45,"column":8},"end":{"line":50,"column":9}},"type":"if","locations":[{"start":{"line":45,"column":8},"end":{"line":50,"column":9}},{"start":{"line":45,"column":8},"end":{"line":50,"column":9}}],"line":45}},"s":{"0":1,"1":7,"2":0,"3":0,"4":0,"5":0,"6":7,"7":0,"8":0,"9":0,"10":0},"f":{"0":7,"1":0,"2":0},"b":{"0":[0,0],"1":[0,0],"2":[0,0],"3":[0,0]},"_coverageSchema":"332fd63041d2c1bcb487cc26dd0d5f7d97098a6c","hash":"db775f5679e752f7863aea3b4d1b9c9cb4fd4fc5"}
,"/Users/andeladeveloper/projects/NewsFeedAPI/app/components/ArticleItems.jsx": {"path":"/Users/andeladeveloper/projects/NewsFeedAPI/app/components/ArticleItems.jsx","statementMap":{"0":{"start":{"line":5,"column":16},"end":{"line":5,"column":35}},"1":{"start":{"line":13,"column":20},"end":{"line":60,"column":1}},"2":{"start":{"line":14,"column":20},"end":{"line":14,"column":42}},"3":{"start":{"line":16,"column":22},"end":{"line":16,"column":43}},"4":{"start":{"line":18,"column":2},"end":{"line":22,"column":3}},"5":{"start":{"line":19,"column":4},"end":{"line":19,"column":50}},"6":{"start":{"line":21,"column":4},"end":{"line":21,"column":21}},"7":{"start":{"line":24,"column":2},"end":{"line":33,"column":3}},"8":{"start":{"line":25,"column":4},"end":{"line":32,"column":6}},"9":{"start":{"line":35,"column":2},"end":{"line":59,"column":4}},"10":{"start":{"line":63,"column":0},"end":{"line":72,"column":2}}},"fnMap":{"0":{"name":"(anonymous_0)","decl":{"start":{"line":13,"column":20},"end":{"line":13,"column":21}},"loc":{"start":{"line":13,"column":31},"end":{"line":60,"column":1}},"line":13}},"branchMap":{"0":{"loc":{"start":{"line":18,"column":2},"end":{"line":22,"column":3}},"type":"if","locations":[{"start":{"line":18,"column":2},"end":{"line":22,"column":3}},{"start":{"line":18,"column":2},"end":{"line":22,"column":3}}],"line":18},"1":{"loc":{"start":{"line":24,"column":2},"end":{"line":33,"column":3}},"type":"if","locations":[{"start":{"line":24,"column":2},"end":{"line":33,"column":3}},{"start":{"line":24,"column":2},"end":{"line":33,"column":3}}],"line":24},"2":{"loc":{"start":{"line":24,"column":6},"end":{"line":24,"column":77}},"type":"binary-expr","locations":[{"start":{"line":24,"column":6},"end":{"line":24,"column":26}},{"start":{"line":24,"column":30},"end":{"line":24,"column":55}},{"start":{"line":24,"column":59},"end":{"line":24,"column":77}}],"line":24}},"s":{"0":1,"1":1,"2":0,"3":0,"4":0,"5":0,"6":0,"7":0,"8":0,"9":0,"10":1},"f":{"0":0},"b":{"0":[0,0],"1":[0,0],"2":[0,0,0]},"_coverageSchema":"332fd63041d2c1bcb487cc26dd0d5f7d97098a6c","hash":"7d07bf09ecdd25479385d16d58a928451791128a"}
,"/Users/andeladeveloper/projects/NewsFeedAPI/app/components/Articles.jsx": {"path":"/Users/andeladeveloper/projects/NewsFeedAPI/app/components/Articles.jsx","statementMap":{"0":{"start":{"line":20,"column":4},"end":{"line":20,"column":17}},"1":{"start":{"line":21,"column":4},"end":{"line":23,"column":6}},"2":{"start":{"line":25,"column":4},"end":{"line":25,"column":53}},"3":{"start":{"line":26,"column":4},"end":{"line":26,"column":41}},"4":{"start":{"line":33,"column":4},"end":{"line":33,"column":51}},"5":{"start":{"line":41,"column":4},"end":{"line":41,"column":54}},"6":{"start":{"line":49,"column":4},"end":{"line":49,"column":27}},"7":{"start":{"line":50,"column":19},"end":{"line":50,"column":38}},"8":{"start":{"line":51,"column":18},"end":{"line":51,"column":36}},"9":{"start":{"line":52,"column":4},"end":{"line":52,"column":47}},"10":{"start":{"line":59,"column":4},"end":{"line":61,"column":7}},"11":{"start":{"line":71,"column":17},"end":{"line":71,"column":39}},"12":{"start":{"line":72,"column":4},"end":{"line":93,"column":6}},"13":{"start":{"line":77,"column":12},"end":{"line":77,"column":62}},"14":{"start":{"line":89,"column":37},"end":{"line":89,"column":89}},"15":{"start":{"line":97,"column":0},"end":{"line":101,"column":2}}},"fnMap":{"0":{"name":"(anonymous_0)","decl":{"start":{"line":19,"column":2},"end":{"line":19,"column":3}},"loc":{"start":{"line":19,"column":21},"end":{"line":27,"column":3}},"line":19},"1":{"name":"(anonymous_1)","decl":{"start":{"line":32,"column":2},"end":{"line":32,"column":3}},"loc":{"start":{"line":32,"column":23},"end":{"line":34,"column":3}},"line":32},"2":{"name":"(anonymous_2)","decl":{"start":{"line":40,"column":2},"end":{"line":40,"column":3}},"loc":{"start":{"line":40,"column":25},"end":{"line":42,"column":3}},"line":40},"3":{"name":"(anonymous_3)","decl":{"start":{"line":48,"column":2},"end":{"line":48,"column":3}},"loc":{"start":{"line":48,"column":16},"end":{"line":53,"column":3}},"line":48},"4":{"name":"(anonymous_4)","decl":{"start":{"line":58,"column":2},"end":{"line":58,"column":3}},"loc":{"start":{"line":58,"column":17},"end":{"line":62,"column":3}},"line":58},"5":{"name":"(anonymous_5)","decl":{"start":{"line":70,"column":2},"end":{"line":70,"column":3}},"loc":{"start":{"line":70,"column":11},"end":{"line":94,"column":3}},"line":70},"6":{"name":"(anonymous_6)","decl":{"start":{"line":76,"column":37},"end":{"line":76,"column":38}},"loc":{"start":{"line":77,"column":12},"end":{"line":77,"column":62}},"line":77},"7":{"name":"(anonymous_7)","decl":{"start":{"line":89,"column":29},"end":{"line":89,"column":30}},"loc":{"start":{"line":89,"column":37},"end":{"line":89,"column":89}},"line":89}},"branchMap":{"0":{"loc":{"start":{"line":89,"column":12},"end":{"line":89,"column":90}},"type":"binary-expr","locations":[{"start":{"line":89,"column":12},"end":{"line":89,"column":16}},{"start":{"line":89,"column":20},"end":{"line":89,"column":90}}],"line":89}},"s":{"0":7,"1":7,"2":7,"3":7,"4":7,"5":0,"6":0,"7":0,"8":0,"9":0,"10":0,"11":9,"12":9,"13":9,"14":0,"15":1},"f":{"0":7,"1":7,"2":0,"3":0,"4":0,"5":9,"6":9,"7":0},"b":{"0":[9,0]},"_coverageSchema":"332fd63041d2c1bcb487cc26dd0d5f7d97098a6c","hash":"fd0cb3a43e64c46a4cba079ad577ac399a94cc67"}
,"/Users/andeladeveloper/projects/NewsFeedAPI/app/components/Footer.jsx": {"path":"/Users/andeladeveloper/projects/NewsFeedAPI/app/components/Footer.jsx","statementMap":{"0":{"start":{"line":1,"column":13},"end":{"line":1,"column":75}},"1":{"start":{"line":1,"column":88},"end":{"line":1,"column":104}},"2":{"start":{"line":1,"column":119},"end":{"line":1,"column":149}},"3":{"start":{"line":1,"column":188},"end":{"line":1,"column":242}},"4":{"start":{"line":6,"column":13},"end":{"line":19,"column":1}},"5":{"start":{"line":7,"column":2},"end":{"line":12,"column":148}},"6":{"start":{"line":19,"column":2},"end":{"line":20,"column":7}}},"fnMap":{"0":{"name":"_interopRequireDefault","decl":{"start":{"line":1,"column":159},"end":{"line":1,"column":181}},"loc":{"start":{"line":1,"column":187},"end":{"line":1,"column":243}},"line":1},"1":{"name":"Footer","decl":{"start":{"line":6,"column":22},"end":{"line":6,"column":28}},"loc":{"start":{"line":6,"column":31},"end":{"line":19,"column":1}},"line":6}},"branchMap":{"0":{"loc":{"start":{"line":1,"column":195},"end":{"line":1,"column":241}},"type":"cond-expr","locations":[{"start":{"line":1,"column":219},"end":{"line":1,"column":222}},{"start":{"line":1,"column":225},"end":{"line":1,"column":241}}],"line":1},"1":{"loc":{"start":{"line":1,"column":195},"end":{"line":1,"column":216}},"type":"binary-expr","locations":[{"start":{"line":1,"column":195},"end":{"line":1,"column":198}},{"start":{"line":1,"column":202},"end":{"line":1,"column":216}}],"line":1}},"s":{"0":0,"1":0,"2":0,"3":0,"4":0,"5":0,"6":0},"f":{"0":0,"1":0},"b":{"0":[0,0],"1":[0,0]}}
,"/Users/andeladeveloper/projects/NewsFeedAPI/app/components/Header.jsx": {"path":"/Users/andeladeveloper/projects/NewsFeedAPI/app/components/Header.jsx","statementMap":{"0":{"start":{"line":1,"column":13},"end":{"line":1,"column":75}},"1":{"start":{"line":1,"column":88},"end":{"line":1,"column":104}},"2":{"start":{"line":1,"column":119},"end":{"line":1,"column":149}},"3":{"start":{"line":2,"column":17},"end":{"line":2,"column":38}},"4":{"start":{"line":2,"column":57},"end":{"line":2,"column":91}},"5":{"start":{"line":3,"column":11},"end":{"line":3,"column":34}},"6":{"start":{"line":3,"column":47},"end":{"line":3,"column":75}},"7":{"start":{"line":3,"column":114},"end":{"line":3,"column":168}},"8":{"start":{"line":9,"column":13},"end":{"line":15,"column":1}},"9":{"start":{"line":10,"column":2},"end":{"line":12,"column":79}},"10":{"start":{"line":18,"column":0},"end":{"line":19,"column":48}},"11":{"start":{"line":19,"column":48},"end":{"line":22,"column":7}}},"fnMap":{"0":{"name":"_interopRequireDefault","decl":{"start":{"line":3,"column":85},"end":{"line":3,"column":107}},"loc":{"start":{"line":3,"column":113},"end":{"line":3,"column":169}},"line":3},"1":{"name":"Header","decl":{"start":{"line":9,"column":22},"end":{"line":9,"column":28}},"loc":{"start":{"line":9,"column":36},"end":{"line":15,"column":1}},"line":9}},"branchMap":{"0":{"loc":{"start":{"line":3,"column":121},"end":{"line":3,"column":167}},"type":"cond-expr","locations":[{"start":{"line":3,"column":145},"end":{"line":3,"column":148}},{"start":{"line":3,"column":151},"end":{"line":3,"column":167}}],"line":3},"1":{"loc":{"start":{"line":3,"column":121},"end":{"line":3,"column":142}},"type":"binary-expr","locations":[{"start":{"line":3,"column":121},"end":{"line":3,"column":124}},{"start":{"line":3,"column":128},"end":{"line":3,"column":142}}],"line":3}},"s":{"0":0,"1":0,"2":0,"3":0,"4":0,"5":0,"6":0,"7":0,"8":0,"9":0,"10":0,"11":0},"f":{"0":0,"1":0},"b":{"0":[0,0],"1":[0,0]}}
,"/Users/andeladeveloper/projects/NewsFeedAPI/app/components/SourceItems.jsx": {"path":"/Users/andeladeveloper/projects/NewsFeedAPI/app/components/SourceItems.jsx","statementMap":{"0":{"start":{"line":11,"column":19},"end":{"line":18,"column":3}},"1":{"start":{"line":12,"column":2},"end":{"line":17,"column":11}},"2":{"start":{"line":20,"column":0},"end":{"line":24,"column":2}}},"fnMap":{"0":{"name":"(anonymous_0)","decl":{"start":{"line":11,"column":19},"end":{"line":11,"column":20}},"loc":{"start":{"line":12,"column":2},"end":{"line":17,"column":11}},"line":12}},"branchMap":{},"s":{"0":1,"1":4,"2":1},"f":{"0":4},"b":{},"_coverageSchema":"332fd63041d2c1bcb487cc26dd0d5f7d97098a6c","hash":"1623a5c5a98d0cf1461596d382cbd1266236c5a6"}
,"/Users/andeladeveloper/projects/NewsFeedAPI/app/components/Sources.jsx": {"path":"/Users/andeladeveloper/projects/NewsFeedAPI/app/components/Sources.jsx","statementMap":{"0":{"start":{"line":18,"column":4},"end":{"line":18,"column":17}},"1":{"start":{"line":19,"column":4},"end":{"line":24,"column":6}},"2":{"start":{"line":26,"column":4},"end":{"line":28,"column":18}},"3":{"start":{"line":29,"column":4},"end":{"line":31,"column":18}},"4":{"start":{"line":32,"column":4},"end":{"line":34,"column":18}},"5":{"start":{"line":36,"column":4},"end":{"line":36,"column":27}},"6":{"start":{"line":44,"column":4},"end":{"line":44,"column":33}},"7":{"start":{"line":45,"column":4},"end":{"line":45,"column":47}},"8":{"start":{"line":46,"column":4},"end":{"line":46,"column":61}},"9":{"start":{"line":53,"column":4},"end":{"line":53,"column":50}},"10":{"start":{"line":63,"column":4},"end":{"line":65,"column":7}},"11":{"start":{"line":75,"column":4},"end":{"line":75,"column":62}},"12":{"start":{"line":76,"column":4},"end":{"line":76,"column":60}},"13":{"start":{"line":84,"column":23},"end":{"line":84,"column":44}},"14":{"start":{"line":85,"column":21},"end":{"line":89,"column":20}},"15":{"start":{"line":90,"column":25},"end":{"line":90,"column":27}},"16":{"start":{"line":92,"column":4},"end":{"line":102,"column":5}},"17":{"start":{"line":93,"column":6},"end":{"line":93,"column":45}},"18":{"start":{"line":95,"column":6},"end":{"line":101,"column":7}},"19":{"start":{"line":96,"column":22},"end":{"line":96,"column":44}},"20":{"start":{"line":97,"column":8},"end":{"line":100,"column":9}},"21":{"start":{"line":98,"column":10},"end":{"line":98,"column":47}},"22":{"start":{"line":99,"column":10},"end":{"line":99,"column":53}},"23":{"start":{"line":109,"column":23},"end":{"line":109,"column":44}},"24":{"start":{"line":110,"column":4},"end":{"line":135,"column":6}},"25":{"start":{"line":120,"column":51},"end":{"line":125,"column":14}},"26":{"start":{"line":124,"column":29},"end":{"line":124,"column":85}}},"fnMap":{"0":{"name":"(anonymous_0)","decl":{"start":{"line":17,"column":2},"end":{"line":17,"column":3}},"loc":{"start":{"line":17,"column":21},"end":{"line":37,"column":3}},"line":17},"1":{"name":"(anonymous_1)","decl":{"start":{"line":43,"column":2},"end":{"line":43,"column":3}},"loc":{"start":{"line":43,"column":22},"end":{"line":47,"column":3}},"line":43},"2":{"name":"(anonymous_2)","decl":{"start":{"line":52,"column":2},"end":{"line":52,"column":3}},"loc":{"start":{"line":52,"column":25},"end":{"line":54,"column":3}},"line":52},"3":{"name":"(anonymous_3)","decl":{"start":{"line":62,"column":2},"end":{"line":62,"column":3}},"loc":{"start":{"line":62,"column":11},"end":{"line":66,"column":3}},"line":62},"4":{"name":"(anonymous_4)","decl":{"start":{"line":74,"column":2},"end":{"line":74,"column":3}},"loc":{"start":{"line":74,"column":51},"end":{"line":77,"column":3}},"line":74},"5":{"name":"(anonymous_5)","decl":{"start":{"line":83,"column":2},"end":{"line":83,"column":3}},"loc":{"start":{"line":83,"column":24},"end":{"line":103,"column":3}},"line":83},"6":{"name":"(anonymous_6)","decl":{"start":{"line":108,"column":2},"end":{"line":108,"column":3}},"loc":{"start":{"line":108,"column":11},"end":{"line":136,"column":3}},"line":108},"7":{"name":"(anonymous_7)","decl":{"start":{"line":120,"column":42},"end":{"line":120,"column":43}},"loc":{"start":{"line":120,"column":51},"end":{"line":125,"column":14}},"line":120},"8":{"name":"(anonymous_8)","decl":{"start":{"line":124,"column":23},"end":{"line":124,"column":24}},"loc":{"start":{"line":124,"column":29},"end":{"line":124,"column":85}},"line":124}},"branchMap":{"0":{"loc":{"start":{"line":92,"column":4},"end":{"line":102,"column":5}},"type":"if","locations":[{"start":{"line":92,"column":4},"end":{"line":102,"column":5}},{"start":{"line":92,"column":4},"end":{"line":102,"column":5}}],"line":92},"1":{"loc":{"start":{"line":97,"column":8},"end":{"line":100,"column":9}},"type":"if","locations":[{"start":{"line":97,"column":8},"end":{"line":100,"column":9}},{"start":{"line":97,"column":8},"end":{"line":100,"column":9}}],"line":97},"2":{"loc":{"start":{"line":120,"column":13},"end":{"line":125,"column":16}},"type":"binary-expr","locations":[{"start":{"line":120,"column":13},"end":{"line":120,"column":23}},{"start":{"line":120,"column":27},"end":{"line":125,"column":16}}],"line":120}},"s":{"0":10,"1":10,"2":10,"3":10,"4":10,"5":10,"6":7,"7":7,"8":7,"9":0,"10":0,"11":0,"12":0,"13":0,"14":0,"15":0,"16":0,"17":0,"18":0,"19":0,"20":0,"21":0,"22":0,"23":12,"24":12,"25":4,"26":0},"f":{"0":10,"1":7,"2":0,"3":0,"4":0,"5":0,"6":12,"7":4,"8":0},"b":{"0":[0,0],"1":[0,0],"2":[12,2]},"_coverageSchema":"332fd63041d2c1bcb487cc26dd0d5f7d97098a6c","hash":"1e02b40cf9f6cea8e337e1b3a132227a93f17503"}
,"/Users/andeladeveloper/projects/NewsFeedAPI/app/components/Header/Nav.jsx": {"path":"/Users/andeladeveloper/projects/NewsFeedAPI/app/components/Header/Nav.jsx","statementMap":{"0":{"start":{"line":1,"column":13},"end":{"line":1,"column":75}},"1":{"start":{"line":1,"column":88},"end":{"line":1,"column":104}},"2":{"start":{"line":1,"column":119},"end":{"line":1,"column":149}},"3":{"start":{"line":2,"column":17},"end":{"line":2,"column":38}},"4":{"start":{"line":2,"column":57},"end":{"line":2,"column":91}},"5":{"start":{"line":2,"column":130},"end":{"line":2,"column":184}},"6":{"start":{"line":4,"column":13},"end":{"line":19,"column":51}},"7":{"start":{"line":4,"column":37},"end":{"line":19,"column":50}},"8":{"start":{"line":27,"column":0},"end":{"line":28,"column":48}},"9":{"start":{"line":28,"column":48},"end":{"line":31,"column":7}}},"fnMap":{"0":{"name":"_interopRequireDefault","decl":{"start":{"line":2,"column":101},"end":{"line":2,"column":123}},"loc":{"start":{"line":2,"column":129},"end":{"line":2,"column":185}},"line":2},"1":{"name":"NavBar","decl":{"start":{"line":4,"column":22},"end":{"line":4,"column":28}},"loc":{"start":{"line":4,"column":36},"end":{"line":19,"column":51}},"line":4}},"branchMap":{"0":{"loc":{"start":{"line":2,"column":137},"end":{"line":2,"column":183}},"type":"cond-expr","locations":[{"start":{"line":2,"column":161},"end":{"line":2,"column":164}},{"start":{"line":2,"column":167},"end":{"line":2,"column":183}}],"line":2},"1":{"loc":{"start":{"line":2,"column":137},"end":{"line":2,"column":158}},"type":"binary-expr","locations":[{"start":{"line":2,"column":137},"end":{"line":2,"column":140}},{"start":{"line":2,"column":144},"end":{"line":2,"column":158}}],"line":2}},"s":{"0":0,"1":0,"2":0,"3":0,"4":0,"5":0,"6":0,"7":0,"8":0,"9":0},"f":{"0":0,"1":0},"b":{"0":[0,0],"1":[0,0]}}
,"/Users/andeladeveloper/projects/NewsFeedAPI/app/components/containers/Main.jsx": {"path":"/Users/andeladeveloper/projects/NewsFeedAPI/app/components/containers/Main.jsx","statementMap":{"0":{"start":{"line":1,"column":13},"end":{"line":1,"column":75}},"1":{"start":{"line":1,"column":88},"end":{"line":1,"column":104}},"2":{"start":{"line":1,"column":119},"end":{"line":1,"column":149}},"3":{"start":{"line":2,"column":17},"end":{"line":2,"column":38}},"4":{"start":{"line":2,"column":57},"end":{"line":2,"column":91}},"5":{"start":{"line":3,"column":14},"end":{"line":3,"column":48}},"6":{"start":{"line":3,"column":64},"end":{"line":3,"column":95}},"7":{"start":{"line":4,"column":14},"end":{"line":4,"column":48}},"8":{"start":{"line":4,"column":64},"end":{"line":4,"column":95}},"9":{"start":{"line":5,"column":15},"end":{"line":5,"column":50}},"10":{"start":{"line":5,"column":67},"end":{"line":5,"column":99}},"11":{"start":{"line":5,"column":138},"end":{"line":5,"column":192}},"12":{"start":{"line":11,"column":11},"end":{"line":19,"column":1}},"13":{"start":{"line":12,"column":2},"end":{"line":16,"column":62}},"14":{"start":{"line":21,"column":0},"end":{"line":22,"column":48}},"15":{"start":{"line":22,"column":48},"end":{"line":25,"column":5}}},"fnMap":{"0":{"name":"_interopRequireDefault","decl":{"start":{"line":5,"column":109},"end":{"line":5,"column":131}},"loc":{"start":{"line":5,"column":137},"end":{"line":5,"column":193}},"line":5},"1":{"name":"Main","decl":{"start":{"line":11,"column":20},"end":{"line":11,"column":24}},"loc":{"start":{"line":11,"column":32},"end":{"line":19,"column":1}},"line":11}},"branchMap":{"0":{"loc":{"start":{"line":5,"column":145},"end":{"line":5,"column":191}},"type":"cond-expr","locations":[{"start":{"line":5,"column":169},"end":{"line":5,"column":172}},{"start":{"line":5,"column":175},"end":{"line":5,"column":191}}],"line":5},"1":{"loc":{"start":{"line":5,"column":145},"end":{"line":5,"column":166}},"type":"binary-expr","locations":[{"start":{"line":5,"column":145},"end":{"line":5,"column":148}},{"start":{"line":5,"column":152},"end":{"line":5,"column":166}}],"line":5}},"s":{"0":0,"1":0,"2":0,"3":0,"4":0,"5":0,"6":0,"7":0,"8":0,"9":0,"10":0,"11":0,"12":0,"13":0,"14":0,"15":0},"f":{"0":0,"1":0},"b":{"0":[0,0],"1":[0,0]}}
,"/Users/andeladeveloper/projects/NewsFeedAPI/app/constants/EventConstants.js": {"path":"/Users/andeladeveloper/projects/NewsFeedAPI/app/constants/EventConstants.js","statementMap":{},"fnMap":{},"branchMap":{},"s":{},"f":{},"b":{},"_coverageSchema":"332fd63041d2c1bcb487cc26dd0d5f7d97098a6c","hash":"d36c0f82e771e3be3c8031fc7c56a0f0e8589e17"}
,"/Users/andeladeveloper/projects/NewsFeedAPI/app/constants/NewsConstants.js": {"path":"/Users/andeladeveloper/projects/NewsFeedAPI/app/constants/NewsConstants.js","statementMap":{},"fnMap":{},"branchMap":{},"s":{},"f":{},"b":{},"_coverageSchema":"332fd63041d2c1bcb487cc26dd0d5f7d97098a6c","hash":"536fb7c556b4fc4a439a1ac99fc82d3556e8dd63"}
,"/Users/andeladeveloper/projects/NewsFeedAPI/app/dispatcher/AppDispatcher.js": {"path":"/Users/andeladeveloper/projects/NewsFeedAPI/app/dispatcher/AppDispatcher.js","statementMap":{"0":{"start":{"line":4,"column":22},"end":{"line":4,"column":38}}},"fnMap":{},"branchMap":{},"s":{"0":1},"f":{},"b":{},"_coverageSchema":"332fd63041d2c1bcb487cc26dd0d5f7d97098a6c","hash":"401d921b057cb29c79821588f8b2ea398b62809d"}
,"/Users/andeladeveloper/projects/NewsFeedAPI/app/stores/NewsStore.js": {"path":"/Users/andeladeveloper/projects/NewsFeedAPI/app/stores/NewsStore.js","statementMap":{"0":{"start":{"line":8,"column":17},"end":{"line":12,"column":1}},"1":{"start":{"line":15,"column":18},"end":{"line":27,"column":2}},"2":{"start":{"line":17,"column":4},"end":{"line":17,"column":45}},"3":{"start":{"line":21,"column":4},"end":{"line":21,"column":57}},"4":{"start":{"line":25,"column":4},"end":{"line":25,"column":25}},"5":{"start":{"line":30,"column":0},"end":{"line":42,"column":3}},"6":{"start":{"line":31,"column":2},"end":{"line":41,"column":3}},"7":{"start":{"line":33,"column":6},"end":{"line":33,"column":55}},"8":{"start":{"line":33,"column":36},"end":{"line":33,"column":55}},"9":{"start":{"line":34,"column":6},"end":{"line":34,"column":52}},"10":{"start":{"line":35,"column":6},"end":{"line":35,"column":48}},"11":{"start":{"line":36,"column":6},"end":{"line":36,"column":48}},"12":{"start":{"line":37,"column":6},"end":{"line":37,"column":50}},"13":{"start":{"line":38,"column":6},"end":{"line":38,"column":12}},"14":{"start":{"line":40,"column":6},"end":{"line":40,"column":18}}},"fnMap":{"0":{"name":"(anonymous_0)","decl":{"start":{"line":30,"column":23},"end":{"line":30,"column":24}},"loc":{"start":{"line":30,"column":36},"end":{"line":42,"column":1}},"line":30}},"branchMap":{"0":{"loc":{"start":{"line":31,"column":2},"end":{"line":41,"column":3}},"type":"switch","locations":[{"start":{"line":32,"column":4},"end":{"line":38,"column":12}},{"start":{"line":39,"column":4},"end":{"line":40,"column":18}}],"line":31},"1":{"loc":{"start":{"line":33,"column":6},"end":{"line":33,"column":55}},"type":"if","locations":[{"start":{"line":33,"column":6},"end":{"line":33,"column":55}},{"start":{"line":33,"column":6},"end":{"line":33,"column":55}}],"line":33}},"s":{"0":1,"1":1,"2":7,"3":0,"4":7,"5":1,"6":1,"7":0,"8":0,"9":0,"10":0,"11":0,"12":0,"13":0,"14":1},"f":{"0":1},"b":{"0":[0,1],"1":[0,0]},"_coverageSchema":"332fd63041d2c1bcb487cc26dd0d5f7d97098a6c","hash":"54461b35886ec73bb128141b7f0719eafb2b6742"}
,"/Users/andeladeveloper/projects/NewsFeedAPI/app/stores/SourceStore.js": {"path":"/Users/andeladeveloper/projects/NewsFeedAPI/app/stores/SourceStore.js","statementMap":{"0":{"start":{"line":8,"column":16},"end":{"line":11,"column":1}},"1":{"start":{"line":13,"column":20},"end":{"line":35,"column":2}},"2":{"start":{"line":16,"column":4},"end":{"line":16,"column":45}},"3":{"start":{"line":20,"column":4},"end":{"line":20,"column":44}},"4":{"start":{"line":24,"column":6},"end":{"line":24,"column":58}},"5":{"start":{"line":28,"column":4},"end":{"line":28,"column":57}},"6":{"start":{"line":33,"column":4},"end":{"line":33,"column":24}},"7":{"start":{"line":38,"column":0},"end":{"line":50,"column":3}},"8":{"start":{"line":40,"column":4},"end":{"line":49,"column":5}},"9":{"start":{"line":42,"column":12},"end":{"line":42,"column":59}},"10":{"start":{"line":42,"column":41},"end":{"line":42,"column":59}},"11":{"start":{"line":43,"column":12},"end":{"line":43,"column":48}},"12":{"start":{"line":44,"column":12},"end":{"line":44,"column":58}},"13":{"start":{"line":45,"column":12},"end":{"line":45,"column":18}},"14":{"start":{"line":48,"column":12},"end":{"line":48,"column":24}}},"fnMap":{"0":{"name":"(anonymous_0)","decl":{"start":{"line":38,"column":23},"end":{"line":38,"column":24}},"loc":{"start":{"line":38,"column":34},"end":{"line":50,"column":1}},"line":38}},"branchMap":{"0":{"loc":{"start":{"line":40,"column":4},"end":{"line":49,"column":5}},"type":"switch","locations":[{"start":{"line":41,"column":8},"end":{"line":45,"column":18}},{"start":{"line":47,"column":8},"end":{"line":48,"column":24}}],"line":40},"1":{"loc":{"start":{"line":42,"column":12},"end":{"line":42,"column":59}},"type":"if","locations":[{"start":{"line":42,"column":12},"end":{"line":42,"column":59}},{"start":{"line":42,"column":12},"end":{"line":42,"column":59}}],"line":42}},"s":{"0":1,"1":1,"2":7,"3":0,"4":0,"5":0,"6":0,"7":1,"8":1,"9":1,"10":0,"11":1,"12":1,"13":1,"14":0},"f":{"0":1},"b":{"0":[1,0],"1":[0,1]},"_coverageSchema":"332fd63041d2c1bcb487cc26dd0d5f7d97098a6c","hash":"be3857a63b8b49a261261f5d6b7fe8d927c68756"}
,"/Users/andeladeveloper/projects/NewsFeedAPI/app/utils/config.js": {"path":"/Users/andeladeveloper/projects/NewsFeedAPI/app/utils/config.js","statementMap":{},"fnMap":{},"branchMap":{},"s":{},"f":{},"b":{},"_coverageSchema":"332fd63041d2c1bcb487cc26dd0d5f7d97098a6c","hash":"f64bc128571181c114efeda13142d950247a06fc"}
,"/Users/andeladeveloper/projects/NewsFeedAPI/app/utils/share.jsx": {"path":"/Users/andeladeveloper/projects/NewsFeedAPI/app/utils/share.jsx","statementMap":{"0":{"start":{"line":5,"column":93},"end":{"line":5,"column":105}},"1":{"start":{"line":7,"column":21},"end":{"line":7,"column":50}},"2":{"start":{"line":8,"column":20},"end":{"line":8,"column":48}},"3":{"start":{"line":9,"column":23},"end":{"line":9,"column":50}},"4":{"start":{"line":10,"column":21},"end":{"line":10,"column":50}},"5":{"start":{"line":14,"column":8},"end":{"line":14,"column":20}},"6":{"start":{"line":17,"column":21},"end":{"line":17,"column":37}},"7":{"start":{"line":18,"column":18},"end":{"line":18,"column":34}},"8":{"start":{"line":20,"column":4},"end":{"line":64,"column":6}}},"fnMap":{"0":{"name":"(anonymous_0)","decl":{"start":{"line":13,"column":4},"end":{"line":13,"column":5}},"loc":{"start":{"line":13,"column":22},"end":{"line":15,"column":5}},"line":13},"1":{"name":"(anonymous_1)","decl":{"start":{"line":16,"column":2},"end":{"line":16,"column":3}},"loc":{"start":{"line":16,"column":11},"end":{"line":65,"column":3}},"line":16}},"branchMap":{},"s":{"0":1,"1":1,"2":1,"3":1,"4":1,"5":0,"6":0,"7":0,"8":0},"f":{"0":0,"1":0},"b":{},"_coverageSchema":"332fd63041d2c1bcb487cc26dd0d5f7d97098a6c","hash":"6c32417f64396e6667843e0a1524634934ea7572"}
}
