{"/Users/andeladeveloper/projects/NewsFeedAPI/app/actions/NewsActions.js": {"path":"/Users/andeladeveloper/projects/NewsFeedAPI/app/actions/NewsActions.js","statementMap":{"0":{"start":{"line":10,"column":20},"end":{"line":52,"column":1}},"1":{"start":{"line":13,"column":4},"end":{"line":26,"column":9}},"2":{"start":{"line":20,"column":8},"end":{"line":25,"column":9}},"3":{"start":{"line":21,"column":10},"end":{"line":24,"column":13}},"4":{"start":{"line":37,"column":4},"end":{"line":50,"column":9}},"5":{"start":{"line":44,"column":8},"end":{"line":49,"column":9}},"6":{"start":{"line":45,"column":10},"end":{"line":48,"column":13}}},"fnMap":{"0":{"name":"(anonymous_0)","decl":{"start":{"line":12,"column":18},"end":{"line":12,"column":19}},"loc":{"start":{"line":12,"column":24},"end":{"line":27,"column":3}},"line":12},"1":{"name":"(anonymous_1)","decl":{"start":{"line":19,"column":11},"end":{"line":19,"column":12}},"loc":{"start":{"line":19,"column":30},"end":{"line":26,"column":7}},"line":19},"2":{"name":"(anonymous_2)","decl":{"start":{"line":43,"column":11},"end":{"line":43,"column":12}},"loc":{"start":{"line":43,"column":30},"end":{"line":50,"column":7}},"line":43}},"branchMap":{"0":{"loc":{"start":{"line":20,"column":8},"end":{"line":25,"column":9}},"type":"if","locations":[{"start":{"line":20,"column":8},"end":{"line":25,"column":9}},{"start":{"line":20,"column":8},"end":{"line":25,"column":9}}],"line":20},"1":{"loc":{"start":{"line":44,"column":8},"end":{"line":49,"column":9}},"type":"if","locations":[{"start":{"line":44,"column":8},"end":{"line":49,"column":9}},{"start":{"line":44,"column":8},"end":{"line":49,"column":9}}],"line":44}},"s":{"0":3,"1":8,"2":6,"3":6,"4":8,"5":6,"6":6},"f":{"0":8,"1":6,"2":6},"b":{"0":[6,0],"1":[6,0]},"_coverageSchema":"332fd63041d2c1bcb487cc26dd0d5f7d97098a6c","hash":"9d02cde421edbc709dfa4ff14b886a297cbc5a66"}
,"/Users/andeladeveloper/projects/NewsFeedAPI/app/components/ArticleItems.jsx": {"path":"/Users/andeladeveloper/projects/NewsFeedAPI/app/components/ArticleItems.jsx","statementMap":{"0":{"start":{"line":5,"column":16},"end":{"line":5,"column":35}},"1":{"start":{"line":13,"column":20},"end":{"line":61,"column":1}},"2":{"start":{"line":14,"column":20},"end":{"line":14,"column":42}},"3":{"start":{"line":16,"column":22},"end":{"line":16,"column":43}},"4":{"start":{"line":18,"column":2},"end":{"line":22,"column":3}},"5":{"start":{"line":19,"column":4},"end":{"line":19,"column":50}},"6":{"start":{"line":21,"column":4},"end":{"line":21,"column":21}},"7":{"start":{"line":24,"column":2},"end":{"line":34,"column":3}},"8":{"start":{"line":25,"column":4},"end":{"line":33,"column":6}},"9":{"start":{"line":36,"column":2},"end":{"line":60,"column":4}},"10":{"start":{"line":63,"column":0},"end":{"line":72,"column":2}}},"fnMap":{"0":{"name":"(anonymous_0)","decl":{"start":{"line":13,"column":20},"end":{"line":13,"column":21}},"loc":{"start":{"line":13,"column":31},"end":{"line":61,"column":1}},"line":13}},"branchMap":{"0":{"loc":{"start":{"line":18,"column":2},"end":{"line":22,"column":3}},"type":"if","locations":[{"start":{"line":18,"column":2},"end":{"line":22,"column":3}},{"start":{"line":18,"column":2},"end":{"line":22,"column":3}}],"line":18},"1":{"loc":{"start":{"line":24,"column":2},"end":{"line":34,"column":3}},"type":"if","locations":[{"start":{"line":24,"column":2},"end":{"line":34,"column":3}},{"start":{"line":24,"column":2},"end":{"line":34,"column":3}}],"line":24},"2":{"loc":{"start":{"line":24,"column":6},"end":{"line":24,"column":39}},"type":"binary-expr","locations":[{"start":{"line":24,"column":6},"end":{"line":24,"column":17}},{"start":{"line":24,"column":21},"end":{"line":24,"column":39}}],"line":24}},"s":{"0":4,"1":4,"2":1,"3":1,"4":1,"5":1,"6":0,"7":1,"8":0,"9":1,"10":4},"f":{"0":1},"b":{"0":[1,0],"1":[0,1],"2":[1,0]},"_coverageSchema":"332fd63041d2c1bcb487cc26dd0d5f7d97098a6c","hash":"ddf73cf067aeebf72fedc4acf547e50849cbc112"}
,"/Users/andeladeveloper/projects/NewsFeedAPI/app/components/Articles.jsx": {"path":"/Users/andeladeveloper/projects/NewsFeedAPI/app/components/Articles.jsx","statementMap":{"0":{"start":{"line":19,"column":4},"end":{"line":19,"column":17}},"1":{"start":{"line":20,"column":4},"end":{"line":22,"column":6}},"2":{"start":{"line":24,"column":4},"end":{"line":24,"column":53}},"3":{"start":{"line":25,"column":4},"end":{"line":25,"column":41}},"4":{"start":{"line":33,"column":4},"end":{"line":33,"column":51}},"5":{"start":{"line":41,"column":4},"end":{"line":41,"column":54}},"6":{"start":{"line":50,"column":4},"end":{"line":50,"column":27}},"7":{"start":{"line":51,"column":19},"end":{"line":51,"column":38}},"8":{"start":{"line":52,"column":18},"end":{"line":52,"column":36}},"9":{"start":{"line":53,"column":4},"end":{"line":53,"column":47}},"10":{"start":{"line":61,"column":4},"end":{"line":63,"column":7}},"11":{"start":{"line":71,"column":17},"end":{"line":71,"column":39}},"12":{"start":{"line":72,"column":4},"end":{"line":94,"column":6}},"13":{"start":{"line":77,"column":12},"end":{"line":77,"column":75}},"14":{"start":{"line":90,"column":12},"end":{"line":90,"column":64}},"15":{"start":{"line":98,"column":0},"end":{"line":102,"column":2}}},"fnMap":{"0":{"name":"(anonymous_0)","decl":{"start":{"line":18,"column":2},"end":{"line":18,"column":3}},"loc":{"start":{"line":18,"column":21},"end":{"line":26,"column":3}},"line":18},"1":{"name":"(anonymous_1)","decl":{"start":{"line":32,"column":2},"end":{"line":32,"column":3}},"loc":{"start":{"line":32,"column":23},"end":{"line":34,"column":3}},"line":32},"2":{"name":"(anonymous_2)","decl":{"start":{"line":40,"column":2},"end":{"line":40,"column":3}},"loc":{"start":{"line":40,"column":25},"end":{"line":42,"column":3}},"line":40},"3":{"name":"(anonymous_3)","decl":{"start":{"line":49,"column":2},"end":{"line":49,"column":3}},"loc":{"start":{"line":49,"column":16},"end":{"line":54,"column":3}},"line":49},"4":{"name":"(anonymous_4)","decl":{"start":{"line":60,"column":2},"end":{"line":60,"column":3}},"loc":{"start":{"line":60,"column":17},"end":{"line":64,"column":3}},"line":60},"5":{"name":"(anonymous_5)","decl":{"start":{"line":70,"column":2},"end":{"line":70,"column":3}},"loc":{"start":{"line":70,"column":11},"end":{"line":95,"column":3}},"line":70},"6":{"name":"(anonymous_6)","decl":{"start":{"line":76,"column":37},"end":{"line":76,"column":38}},"loc":{"start":{"line":77,"column":12},"end":{"line":77,"column":75}},"line":77},"7":{"name":"(anonymous_7)","decl":{"start":{"line":89,"column":28},"end":{"line":89,"column":29}},"loc":{"start":{"line":90,"column":12},"end":{"line":90,"column":64}},"line":90}},"branchMap":{"0":{"loc":{"start":{"line":89,"column":11},"end":{"line":91,"column":14}},"type":"binary-expr","locations":[{"start":{"line":89,"column":11},"end":{"line":89,"column":15}},{"start":{"line":89,"column":19},"end":{"line":91,"column":14}}],"line":89}},"s":{"0":10,"1":10,"2":10,"3":10,"4":10,"5":0,"6":0,"7":0,"8":0,"9":0,"10":42,"11":90,"12":90,"13":90,"14":0,"15":3},"f":{"0":10,"1":10,"2":0,"3":0,"4":42,"5":90,"6":90,"7":0},"b":{"0":[90,0]},"_coverageSchema":"332fd63041d2c1bcb487cc26dd0d5f7d97098a6c","hash":"afb6fe1a1c61b5ccd4f9b2d08148ce2e512a6604"}
,"/Users/andeladeveloper/projects/NewsFeedAPI/app/components/Footer.jsx": {"path":"/Users/andeladeveloper/projects/NewsFeedAPI/app/components/Footer.jsx","statementMap":{"0":{"start":{"line":7,"column":15},"end":{"line":19,"column":1}},"1":{"start":{"line":8,"column":2},"end":{"line":18,"column":11}}},"fnMap":{"0":{"name":"(anonymous_0)","decl":{"start":{"line":7,"column":15},"end":{"line":7,"column":16}},"loc":{"start":{"line":8,"column":2},"end":{"line":18,"column":11}},"line":8}},"branchMap":{},"s":{"0":2,"1":3},"f":{"0":3},"b":{},"_coverageSchema":"332fd63041d2c1bcb487cc26dd0d5f7d97098a6c","hash":"304f5a09a1c5930d5feedbaa6659a691e9b9e90d"}
,"/Users/andeladeveloper/projects/NewsFeedAPI/app/components/Header.jsx": {"path":"/Users/andeladeveloper/projects/NewsFeedAPI/app/components/Header.jsx","statementMap":{"0":{"start":{"line":9,"column":15},"end":{"line":12,"column":9}},"1":{"start":{"line":10,"column":2},"end":{"line":12,"column":8}},"2":{"start":{"line":15,"column":0},"end":{"line":17,"column":2}}},"fnMap":{"0":{"name":"(anonymous_0)","decl":{"start":{"line":9,"column":15},"end":{"line":9,"column":16}},"loc":{"start":{"line":10,"column":2},"end":{"line":12,"column":8}},"line":10}},"branchMap":{},"s":{"0":1,"1":2,"2":1},"f":{"0":2},"b":{},"_coverageSchema":"332fd63041d2c1bcb487cc26dd0d5f7d97098a6c","hash":"77873c41c6c62d0e7297ebefc2ce2e6bd6449906"}
,"/Users/andeladeveloper/projects/NewsFeedAPI/app/components/SourceItems.jsx": {"path":"/Users/andeladeveloper/projects/NewsFeedAPI/app/components/SourceItems.jsx","statementMap":{"0":{"start":{"line":11,"column":19},"end":{"line":19,"column":3}},"1":{"start":{"line":12,"column":2},"end":{"line":18,"column":11}},"2":{"start":{"line":21,"column":0},"end":{"line":25,"column":2}}},"fnMap":{"0":{"name":"(anonymous_0)","decl":{"start":{"line":11,"column":19},"end":{"line":11,"column":20}},"loc":{"start":{"line":12,"column":2},"end":{"line":18,"column":11}},"line":12}},"branchMap":{},"s":{"0":3,"1":2526,"2":3},"f":{"0":2526},"b":{},"_coverageSchema":"332fd63041d2c1bcb487cc26dd0d5f7d97098a6c","hash":"f9d235b814eec20748673571f154fa8e94659645"}
,"/Users/andeladeveloper/projects/NewsFeedAPI/app/components/Sources.jsx": {"path":"/Users/andeladeveloper/projects/NewsFeedAPI/app/components/Sources.jsx","statementMap":{"0":{"start":{"line":18,"column":4},"end":{"line":18,"column":17}},"1":{"start":{"line":19,"column":4},"end":{"line":24,"column":6}},"2":{"start":{"line":26,"column":4},"end":{"line":28,"column":18}},"3":{"start":{"line":29,"column":4},"end":{"line":31,"column":18}},"4":{"start":{"line":32,"column":4},"end":{"line":34,"column":18}},"5":{"start":{"line":36,"column":4},"end":{"line":36,"column":27}},"6":{"start":{"line":45,"column":4},"end":{"line":45,"column":33}},"7":{"start":{"line":46,"column":4},"end":{"line":46,"column":47}},"8":{"start":{"line":47,"column":4},"end":{"line":47,"column":61}},"9":{"start":{"line":55,"column":4},"end":{"line":55,"column":50}},"10":{"start":{"line":65,"column":4},"end":{"line":67,"column":7}},"11":{"start":{"line":78,"column":4},"end":{"line":78,"column":62}},"12":{"start":{"line":79,"column":4},"end":{"line":79,"column":60}},"13":{"start":{"line":88,"column":23},"end":{"line":88,"column":44}},"14":{"start":{"line":89,"column":21},"end":{"line":93,"column":20}},"15":{"start":{"line":94,"column":25},"end":{"line":94,"column":27}},"16":{"start":{"line":96,"column":4},"end":{"line":106,"column":5}},"17":{"start":{"line":97,"column":6},"end":{"line":97,"column":45}},"18":{"start":{"line":99,"column":6},"end":{"line":105,"column":7}},"19":{"start":{"line":100,"column":22},"end":{"line":100,"column":44}},"20":{"start":{"line":101,"column":8},"end":{"line":104,"column":9}},"21":{"start":{"line":102,"column":10},"end":{"line":102,"column":47}},"22":{"start":{"line":103,"column":10},"end":{"line":103,"column":53}},"23":{"start":{"line":115,"column":23},"end":{"line":115,"column":44}},"24":{"start":{"line":116,"column":4},"end":{"line":144,"column":6}},"25":{"start":{"line":127,"column":51},"end":{"line":133,"column":14}},"26":{"start":{"line":131,"column":29},"end":{"line":132,"column":49}}},"fnMap":{"0":{"name":"(anonymous_0)","decl":{"start":{"line":17,"column":2},"end":{"line":17,"column":3}},"loc":{"start":{"line":17,"column":21},"end":{"line":37,"column":3}},"line":17},"1":{"name":"(anonymous_1)","decl":{"start":{"line":44,"column":2},"end":{"line":44,"column":3}},"loc":{"start":{"line":44,"column":22},"end":{"line":48,"column":3}},"line":44},"2":{"name":"(anonymous_2)","decl":{"start":{"line":54,"column":2},"end":{"line":54,"column":3}},"loc":{"start":{"line":54,"column":25},"end":{"line":56,"column":3}},"line":54},"3":{"name":"(anonymous_3)","decl":{"start":{"line":64,"column":2},"end":{"line":64,"column":3}},"loc":{"start":{"line":64,"column":11},"end":{"line":68,"column":3}},"line":64},"4":{"name":"(anonymous_4)","decl":{"start":{"line":77,"column":2},"end":{"line":77,"column":3}},"loc":{"start":{"line":77,"column":51},"end":{"line":80,"column":3}},"line":77},"5":{"name":"(anonymous_5)","decl":{"start":{"line":87,"column":2},"end":{"line":87,"column":3}},"loc":{"start":{"line":87,"column":24},"end":{"line":107,"column":3}},"line":87},"6":{"name":"(anonymous_6)","decl":{"start":{"line":114,"column":2},"end":{"line":114,"column":3}},"loc":{"start":{"line":114,"column":11},"end":{"line":145,"column":3}},"line":114},"7":{"name":"(anonymous_7)","decl":{"start":{"line":127,"column":42},"end":{"line":127,"column":43}},"loc":{"start":{"line":127,"column":51},"end":{"line":133,"column":14}},"line":127},"8":{"name":"(anonymous_8)","decl":{"start":{"line":131,"column":23},"end":{"line":131,"column":24}},"loc":{"start":{"line":131,"column":29},"end":{"line":132,"column":49}},"line":131}},"branchMap":{"0":{"loc":{"start":{"line":96,"column":4},"end":{"line":106,"column":5}},"type":"if","locations":[{"start":{"line":96,"column":4},"end":{"line":106,"column":5}},{"start":{"line":96,"column":4},"end":{"line":106,"column":5}}],"line":96},"1":{"loc":{"start":{"line":101,"column":8},"end":{"line":104,"column":9}},"type":"if","locations":[{"start":{"line":101,"column":8},"end":{"line":104,"column":9}},{"start":{"line":101,"column":8},"end":{"line":104,"column":9}}],"line":101},"2":{"loc":{"start":{"line":127,"column":13},"end":{"line":133,"column":16}},"type":"binary-expr","locations":[{"start":{"line":127,"column":13},"end":{"line":127,"column":23}},{"start":{"line":127,"column":27},"end":{"line":133,"column":16}}],"line":127}},"s":{"0":11,"1":11,"2":11,"3":11,"4":11,"5":11,"6":8,"7":8,"8":8,"9":0,"10":36,"11":0,"12":0,"13":1,"14":1,"15":1,"16":1,"17":0,"18":1,"19":2,"20":2,"21":1,"22":1,"23":49,"24":49,"25":2523,"26":0},"f":{"0":11,"1":8,"2":0,"3":36,"4":0,"5":1,"6":49,"7":2523,"8":0},"b":{"0":[0,1],"1":[1,1],"2":[49,38]},"_coverageSchema":"332fd63041d2c1bcb487cc26dd0d5f7d97098a6c","hash":"d87646e408a28d433003975de48ac405f61b643c"}
,"/Users/andeladeveloper/projects/NewsFeedAPI/app/components/Header/Nav.jsx": {"path":"/Users/andeladeveloper/projects/NewsFeedAPI/app/components/Header/Nav.jsx","statementMap":{"0":{"start":{"line":4,"column":15},"end":{"line":25,"column":1}},"1":{"start":{"line":5,"column":2},"end":{"line":24,"column":8}},"2":{"start":{"line":27,"column":0},"end":{"line":29,"column":2}}},"fnMap":{"0":{"name":"(anonymous_0)","decl":{"start":{"line":4,"column":15},"end":{"line":4,"column":16}},"loc":{"start":{"line":5,"column":2},"end":{"line":24,"column":8}},"line":5}},"branchMap":{},"s":{"0":2,"1":3,"2":2},"f":{"0":3},"b":{},"_coverageSchema":"332fd63041d2c1bcb487cc26dd0d5f7d97098a6c","hash":"d5e76ebf91fdb0449dfb3522fd984a232bff3869"}
,"/Users/andeladeveloper/projects/NewsFeedAPI/app/components/containers/Main.jsx": {"path":"/Users/andeladeveloper/projects/NewsFeedAPI/app/components/containers/Main.jsx","statementMap":{"0":{"start":{"line":14,"column":13},"end":{"line":19,"column":9}},"1":{"start":{"line":15,"column":2},"end":{"line":19,"column":8}},"2":{"start":{"line":22,"column":0},"end":{"line":24,"column":2}}},"fnMap":{"0":{"name":"(anonymous_0)","decl":{"start":{"line":14,"column":13},"end":{"line":14,"column":14}},"loc":{"start":{"line":15,"column":2},"end":{"line":19,"column":8}},"line":15}},"branchMap":{},"s":{"0":1,"1":2,"2":1},"f":{"0":2},"b":{},"_coverageSchema":"332fd63041d2c1bcb487cc26dd0d5f7d97098a6c","hash":"70c332d97963d600cd32249c039768f627b08f1e"}
,"/Users/andeladeveloper/projects/NewsFeedAPI/app/constants/EventConstants.js": {"path":"/Users/andeladeveloper/projects/NewsFeedAPI/app/constants/EventConstants.js","statementMap":{},"fnMap":{},"branchMap":{},"s":{},"f":{},"b":{},"_coverageSchema":"332fd63041d2c1bcb487cc26dd0d5f7d97098a6c","hash":"d36c0f82e771e3be3c8031fc7c56a0f0e8589e17"}
,"/Users/andeladeveloper/projects/NewsFeedAPI/app/constants/NewsConstants.js": {"path":"/Users/andeladeveloper/projects/NewsFeedAPI/app/constants/NewsConstants.js","statementMap":{},"fnMap":{},"branchMap":{},"s":{},"f":{},"b":{},"_coverageSchema":"332fd63041d2c1bcb487cc26dd0d5f7d97098a6c","hash":"536fb7c556b4fc4a439a1ac99fc82d3556e8dd63"}
,"/Users/andeladeveloper/projects/NewsFeedAPI/app/dispatcher/AppDispatcher.js": {"path":"/Users/andeladeveloper/projects/NewsFeedAPI/app/dispatcher/AppDispatcher.js","statementMap":{"0":{"start":{"line":4,"column":22},"end":{"line":4,"column":38}}},"fnMap":{},"branchMap":{},"s":{"0":6},"f":{},"b":{},"_coverageSchema":"332fd63041d2c1bcb487cc26dd0d5f7d97098a6c","hash":"401d921b057cb29c79821588f8b2ea398b62809d"}
,"/Users/andeladeveloper/projects/NewsFeedAPI/app/stores/NewsStore.js": {"path":"/Users/andeladeveloper/projects/NewsFeedAPI/app/stores/NewsStore.js","statementMap":{"0":{"start":{"line":8,"column":17},"end":{"line":10,"column":1}},"1":{"start":{"line":13,"column":18},"end":{"line":25,"column":2}},"2":{"start":{"line":15,"column":4},"end":{"line":15,"column":45}},"3":{"start":{"line":19,"column":4},"end":{"line":19,"column":57}},"4":{"start":{"line":23,"column":4},"end":{"line":23,"column":25}},"5":{"start":{"line":28,"column":0},"end":{"line":38,"column":3}},"6":{"start":{"line":29,"column":2},"end":{"line":37,"column":3}},"7":{"start":{"line":31,"column":6},"end":{"line":31,"column":55}},"8":{"start":{"line":31,"column":36},"end":{"line":31,"column":55}},"9":{"start":{"line":32,"column":6},"end":{"line":32,"column":52}},"10":{"start":{"line":33,"column":6},"end":{"line":33,"column":50}},"11":{"start":{"line":34,"column":6},"end":{"line":34,"column":12}},"12":{"start":{"line":36,"column":6},"end":{"line":36,"column":18}}},"fnMap":{"0":{"name":"(anonymous_0)","decl":{"start":{"line":28,"column":23},"end":{"line":28,"column":24}},"loc":{"start":{"line":28,"column":36},"end":{"line":38,"column":1}},"line":28}},"branchMap":{"0":{"loc":{"start":{"line":29,"column":2},"end":{"line":37,"column":3}},"type":"switch","locations":[{"start":{"line":30,"column":4},"end":{"line":34,"column":12}},{"start":{"line":35,"column":4},"end":{"line":36,"column":18}}],"line":29},"1":{"loc":{"start":{"line":31,"column":6},"end":{"line":31,"column":55}},"type":"if","locations":[{"start":{"line":31,"column":6},"end":{"line":31,"column":55}},{"start":{"line":31,"column":6},"end":{"line":31,"column":55}}],"line":31}},"s":{"0":4,"1":4,"2":11,"3":1,"4":54,"5":4,"6":14,"7":7,"8":5,"9":7,"10":7,"11":7,"12":7},"f":{"0":14},"b":{"0":[7,7],"1":[5,2]},"_coverageSchema":"332fd63041d2c1bcb487cc26dd0d5f7d97098a6c","hash":"e1371c3f2f0a39b03c0ab13e695c65553b1838de"}
,"/Users/andeladeveloper/projects/NewsFeedAPI/app/stores/SourceStore.js": {"path":"/Users/andeladeveloper/projects/NewsFeedAPI/app/stores/SourceStore.js","statementMap":{"0":{"start":{"line":8,"column":16},"end":{"line":11,"column":1}},"1":{"start":{"line":13,"column":20},"end":{"line":33,"column":2}},"2":{"start":{"line":15,"column":4},"end":{"line":15,"column":45}},"3":{"start":{"line":19,"column":4},"end":{"line":19,"column":44}},"4":{"start":{"line":23,"column":4},"end":{"line":23,"column":56}},"5":{"start":{"line":27,"column":4},"end":{"line":27,"column":57}},"6":{"start":{"line":31,"column":4},"end":{"line":31,"column":24}},"7":{"start":{"line":36,"column":0},"end":{"line":47,"column":3}},"8":{"start":{"line":37,"column":2},"end":{"line":46,"column":3}},"9":{"start":{"line":39,"column":6},"end":{"line":39,"column":53}},"10":{"start":{"line":39,"column":35},"end":{"line":39,"column":53}},"11":{"start":{"line":40,"column":6},"end":{"line":40,"column":42}},"12":{"start":{"line":41,"column":6},"end":{"line":41,"column":52}},"13":{"start":{"line":42,"column":6},"end":{"line":42,"column":12}},"14":{"start":{"line":45,"column":6},"end":{"line":45,"column":18}}},"fnMap":{"0":{"name":"(anonymous_0)","decl":{"start":{"line":36,"column":23},"end":{"line":36,"column":24}},"loc":{"start":{"line":36,"column":36},"end":{"line":47,"column":1}},"line":36}},"branchMap":{"0":{"loc":{"start":{"line":37,"column":2},"end":{"line":46,"column":3}},"type":"switch","locations":[{"start":{"line":38,"column":4},"end":{"line":42,"column":12}},{"start":{"line":44,"column":4},"end":{"line":45,"column":18}}],"line":37},"1":{"loc":{"start":{"line":39,"column":6},"end":{"line":39,"column":53}},"type":"if","locations":[{"start":{"line":39,"column":6},"end":{"line":39,"column":53}},{"start":{"line":39,"column":6},"end":{"line":39,"column":53}}],"line":39}},"s":{"0":3,"1":3,"2":9,"3":0,"4":0,"5":1,"6":2,"7":3,"8":2,"9":2,"10":0,"11":2,"12":2,"13":2,"14":0},"f":{"0":2},"b":{"0":[2,0],"1":[0,2]},"_coverageSchema":"332fd63041d2c1bcb487cc26dd0d5f7d97098a6c","hash":"038591638dd380ed786a8ebd14c7e11dd782c8e8"}
,"/Users/andeladeveloper/projects/NewsFeedAPI/app/utils/share.jsx": {"path":"/Users/andeladeveloper/projects/NewsFeedAPI/app/utils/share.jsx","statementMap":{"0":{"start":{"line":14,"column":4},"end":{"line":14,"column":16}},"1":{"start":{"line":16,"column":21},"end":{"line":16,"column":50}},"2":{"start":{"line":17,"column":20},"end":{"line":17,"column":48}},"3":{"start":{"line":18,"column":23},"end":{"line":18,"column":50}},"4":{"start":{"line":19,"column":21},"end":{"line":19,"column":50}},"5":{"start":{"line":27,"column":19},"end":{"line":27,"column":30}},"6":{"start":{"line":28,"column":16},"end":{"line":28,"column":27}},"7":{"start":{"line":30,"column":2},"end":{"line":83,"column":4}},"8":{"start":{"line":87,"column":0},"end":{"line":90,"column":2}},"9":{"start":{"line":92,"column":0},"end":{"line":95,"column":2}}},"fnMap":{"0":{"name":"Share","decl":{"start":{"line":26,"column":9},"end":{"line":26,"column":14}},"loc":{"start":{"line":26,"column":22},"end":{"line":84,"column":1}},"line":26}},"branchMap":{},"s":{"0":5,"1":5,"2":5,"3":5,"4":5,"5":1,"6":1,"7":1,"8":5,"9":5},"f":{"0":1},"b":{},"_coverageSchema":"332fd63041d2c1bcb487cc26dd0d5f7d97098a6c","hash":"0744017272257ff68eaab82a322e8cd0eb6d6d14"}
}
