TN:
SF:/Users/andeladeveloper/projects/NewsFeedAPI/app/components/ArticleItems.jsx
FN:12,(anonymous_0)
FNF:1
FNH:1
FNDA:1,(anonymous_0)
DA:3,8
DA:13,1
DA:15,1
DA:17,1
DA:18,1
DA:20,0
DA:23,1
DA:26,0
DA:35,1
LF:9
LH:7
BRDA:17,0,0,1
BRDA:17,0,1,0
BRDA:23,1,0,0
BRDA:23,1,1,1
BRDA:24,2,0,1
BRDA:24,2,1,1
BRDA:24,2,2,0
BRF:7
BRH:4
end_of_record
TN:
SF:/Users/andeladeveloper/projects/NewsFeedAPI/app/components/Articles.jsx
FN:16,(anonymous_0)
FN:25,(anonymous_1)
FN:29,(anonymous_2)
FN:33,(anonymous_3)
FN:40,(anonymous_4)
FN:47,(anonymous_5)
FN:52,(anonymous_6)
FN:61,(anonymous_7)
FNF:8
FNH:4
FNDA:8,(anonymous_0)
FNDA:0,(anonymous_1)
FNDA:8,(anonymous_2)
FNDA:0,(anonymous_3)
FNDA:0,(anonymous_4)
FNDA:9,(anonymous_5)
FNDA:0,(anonymous_6)
FNDA:9,(anonymous_7)
DA:17,8
DA:18,8
DA:22,8
DA:26,0
DA:30,8
DA:34,0
DA:41,0
DA:42,0
DA:43,0
DA:44,0
DA:48,9
DA:49,9
DA:51,9
DA:52,0
DA:53,0
DA:57,9
DA:62,9
LF:17
LH:9
BRDA:51,0,0,0
BRDA:51,0,1,9
BRF:2
BRH:1
end_of_record
TN:
SF:/Users/andeladeveloper/projects/NewsFeedAPI/app/components/Footer.jsx
FN:7,(anonymous_0)
FNF:1
FNH:1
FNDA:3,(anonymous_0)
DA:1,3
DA:8,3
LF:2
LH:2
BRF:0
BRH:0
end_of_record
TN:
SF:/Users/andeladeveloper/projects/NewsFeedAPI/app/components/Header.jsx
FN:8,(anonymous_0)
FNF:1
FNH:1
FNDA:2,(anonymous_0)
DA:9,2
LF:1
LH:1
BRF:0
BRH:0
end_of_record
TN:
SF:/Users/andeladeveloper/projects/NewsFeedAPI/app/components/SourceItems.jsx
FN:9,(anonymous_0)
FNF:1
FNH:1
FNDA:2,(anonymous_0)
DA:10,2
LF:1
LH:1
BRF:0
BRH:0
end_of_record
TN:
SF:/Users/andeladeveloper/projects/NewsFeedAPI/app/components/Header/Nav.jsx
FN:5,(anonymous_0)
FNF:1
FNH:1
FNDA:3,(anonymous_0)
DA:6,3
LF:1
LH:1
BRF:0
BRH:0
end_of_record
TN:
SF:/Users/andeladeveloper/projects/NewsFeedAPI/app/components/containers/Main.jsx
FN:11,(anonymous_0)
FNF:1
FNH:1
FNDA:2,(anonymous_0)
DA:12,2
LF:1
LH:1
BRF:0
BRH:0
end_of_record
TN:
SF:/Users/andeladeveloper/projects/NewsFeedAPI/app/constants/EventConstants.js
FNF:0
FNH:0
LF:0
LH:0
BRF:0
BRH:0
end_of_record
TN:
SF:/Users/andeladeveloper/projects/NewsFeedAPI/app/constants/NewsConstants.js
FNF:0
FNH:0
LF:0
LH:0
BRF:0
BRH:0
end_of_record
TN:
SF:/Users/andeladeveloper/projects/NewsFeedAPI/app/dispatcher/AppDispatcher.js
FNF:0
FNH:0
DA:4,10
LF:1
LH:1
BRF:0
BRH:0
end_of_record
TN:
SF:/Users/andeladeveloper/projects/NewsFeedAPI/app/stores/NewsStore.js
FN:30,(anonymous_0)
FNF:1
FNH:1
FNDA:1,(anonymous_0)
DA:8,8
DA:15,8
DA:17,9
DA:21,1
DA:25,9
DA:30,8
DA:31,1
DA:33,0
DA:34,0
DA:35,0
DA:36,0
DA:37,0
DA:38,0
DA:40,1
LF:14
LH:8
BRDA:31,0,0,0
BRDA:31,0,1,1
BRDA:33,1,0,0
BRDA:33,1,1,0
BRF:4
BRH:1
end_of_record
TN:
SF:/Users/andeladeveloper/projects/NewsFeedAPI/app/stores/SourceStore.js
FN:38,(anonymous_0)
FNF:1
FNH:1
FNDA:1,(anonymous_0)
DA:8,8
DA:13,8
DA:16,8
DA:20,0
DA:24,0
DA:28,1
DA:33,2
DA:38,8
DA:40,1
DA:42,1
DA:43,1
DA:44,1
DA:45,1
DA:48,0
LF:14
LH:11
BRDA:40,0,0,1
BRDA:40,0,1,0
BRDA:42,1,0,0
BRDA:42,1,1,1
BRF:4
BRH:2
end_of_record
TN:
SF:/Users/andeladeveloper/projects/NewsFeedAPI/app/utils/config.js
FNF:0
FNH:0
LF:0
LH:0
BRF:0
BRH:0
end_of_record
TN:
SF:/Users/andeladeveloper/projects/NewsFeedAPI/app/utils/share.jsx
FN:13,(anonymous_0)
FN:16,(anonymous_1)
FNF:2
FNH:0
FNDA:0,(anonymous_0)
FNDA:0,(anonymous_1)
DA:5,8
DA:7,8
DA:8,8
DA:9,8
DA:10,8
DA:14,0
DA:17,0
DA:18,0
DA:20,0
LF:9
LH:5
BRF:0
BRH:0
end_of_record
