TN:
SF:/Users/andeladeveloper/projects/NewsFeedAPI/app/actions/NewsActions.jsx
FN:12,(anonymous_0)
FN:19,(anonymous_1)
FN:42,(anonymous_2)
FNF:3
FNH:1
FNDA:6,(anonymous_0)
FNDA:0,(anonymous_1)
FNDA:0,(anonymous_2)
DA:10,9
DA:13,6
DA:20,0
DA:21,0
DA:22,0
DA:36,6
DA:43,0
DA:44,0
DA:45,0
LF:9
LH:3
BRDA:20,0,0,0
BRDA:20,0,1,0
BRDA:21,1,0,0
BRDA:21,1,1,0
BRDA:43,2,0,0
BRDA:43,2,1,0
BRDA:44,3,0,0
BRDA:44,3,1,0
BRF:8
BRH:0
end_of_record
TN:
SF:/Users/andeladeveloper/projects/NewsFeedAPI/app/components/ArticleItems.jsx
FN:12,(anonymous_0)
FNF:1
FNH:1
FNDA:1,(anonymous_0)
DA:3,7
DA:13,1
DA:15,1
DA:17,1
DA:18,1
DA:20,0
DA:23,1
DA:26,0
DA:35,1
LF:9
LH:7
BRDA:17,0,0,1
BRDA:17,0,1,0
BRDA:23,1,0,0
BRDA:23,1,1,1
BRDA:24,2,0,1
BRDA:24,2,1,1
BRDA:24,2,2,0
BRF:7
BRH:4
end_of_record
TN:
SF:/Users/andeladeveloper/projects/NewsFeedAPI/app/components/Articles.jsx
FN:16,(anonymous_0)
FN:25,(anonymous_1)
FN:29,(anonymous_2)
FN:33,(anonymous_3)
FN:40,(anonymous_4)
FN:47,(anonymous_5)
FN:52,(anonymous_6)
FN:61,(anonymous_7)
FNF:8
FNH:4
FNDA:7,(anonymous_0)
FNDA:0,(anonymous_1)
FNDA:7,(anonymous_2)
FNDA:0,(anonymous_3)
FNDA:0,(anonymous_4)
FNDA:8,(anonymous_5)
FNDA:0,(anonymous_6)
FNDA:8,(anonymous_7)
DA:17,7
DA:18,7
DA:22,7
DA:26,0
DA:30,7
DA:34,0
DA:41,0
DA:42,0
DA:43,0
DA:44,0
DA:48,8
DA:49,8
DA:51,8
DA:52,0
DA:53,0
DA:57,8
DA:62,8
LF:17
LH:9
BRDA:51,0,0,0
BRDA:51,0,1,8
BRF:2
BRH:1
end_of_record
TN:
SF:/Users/andeladeveloper/projects/NewsFeedAPI/app/components/Footer.jsx
FN:7,(anonymous_0)
FNF:1
FNH:1
FNDA:3,(anonymous_0)
DA:1,3
DA:8,3
LF:2
LH:2
BRF:0
BRH:0
end_of_record
TN:
SF:/Users/andeladeveloper/projects/NewsFeedAPI/app/components/Header.jsx
FN:8,(anonymous_0)
FNF:1
FNH:1
FNDA:2,(anonymous_0)
DA:9,2
LF:1
LH:1
BRF:0
BRH:0
end_of_record
TN:
SF:/Users/andeladeveloper/projects/NewsFeedAPI/app/components/Login.jsx
FN:20,(anonymous_0)
FN:32,(anonymous_1)
FN:48,(anonymous_2)
FN:63,(anonymous_3)
FN:67,(anonymous_4)
FN:77,(anonymous_5)
FN:96,(anonymous_6)
FN:98,(anonymous_7)
FN:111,(anonymous_8)
FN:139,(anonymous_9)
FNF:10
FNH:3
FNDA:1,(anonymous_0)
FNDA:0,(anonymous_1)
FNDA:0,(anonymous_2)
FNDA:0,(anonymous_3)
FNDA:0,(anonymous_4)
FNDA:0,(anonymous_5)
FNDA:0,(anonymous_6)
FNDA:0,(anonymous_7)
FNDA:1,(anonymous_8)
FNDA:1,(anonymous_9)
DA:12,1
DA:21,1
DA:22,1
DA:26,1
DA:27,1
DA:28,1
DA:33,0
DA:41,0
DA:49,0
DA:50,0
DA:51,0
DA:52,0
DA:64,0
DA:68,0
DA:69,0
DA:70,0
DA:72,0
DA:78,0
DA:79,0
DA:80,0
DA:81,0
DA:83,0
DA:84,0
DA:85,0
DA:86,0
DA:97,0
DA:98,0
DA:99,0
DA:112,1
DA:113,0
DA:119,1
DA:140,1
LF:32
LH:9
BRDA:51,0,0,0
BRDA:51,0,1,0
BRDA:83,1,0,0
BRDA:83,1,1,0
BRDA:85,2,0,0
BRDA:85,2,1,0
BRDA:85,3,0,0
BRDA:85,3,1,0
BRDA:112,4,0,0
BRDA:112,4,1,1
BRF:10
BRH:1
end_of_record
TN:
SF:/Users/andeladeveloper/projects/NewsFeedAPI/app/components/SourceItems.jsx
FN:9,(anonymous_0)
FNF:1
FNH:1
FNDA:2,(anonymous_0)
DA:10,2
LF:1
LH:1
BRF:0
BRH:0
end_of_record
TN:
SF:/Users/andeladeveloper/projects/NewsFeedAPI/app/components/Sources.jsx
FN:14,(anonymous_0)
FN:30,(anonymous_1)
FN:36,(anonymous_2)
FN:45,(anonymous_3)
FN:49,(anonymous_4)
FN:62,(anonymous_5)
FN:87,(anonymous_6)
FN:100,(anonymous_7)
FN:105,(anonymous_8)
FNF:9
FNH:4
FNDA:9,(anonymous_0)
FNDA:6,(anonymous_1)
FNDA:0,(anonymous_2)
FNDA:1,(anonymous_3)
FNDA:0,(anonymous_4)
FNDA:0,(anonymous_5)
FNDA:10,(anonymous_6)
FNDA:0,(anonymous_7)
FNDA:0,(anonymous_8)
DA:15,9
DA:16,9
DA:23,9
DA:24,9
DA:25,9
DA:27,9
DA:31,6
DA:32,6
DA:33,6
DA:37,0
DA:46,1
DA:50,0
DA:55,0
DA:63,0
DA:64,0
DA:65,0
DA:67,0
DA:68,0
DA:72,0
DA:73,0
DA:74,0
DA:75,0
DA:76,0
DA:88,10
DA:89,10
DA:101,0
DA:106,0
LF:27
LH:12
BRDA:67,0,0,0
BRDA:67,0,1,0
BRDA:74,1,0,0
BRDA:74,1,1,0
BRDA:99,2,0,10
BRDA:99,2,1,0
BRF:6
BRH:1
end_of_record
TN:
SF:/Users/andeladeveloper/projects/NewsFeedAPI/app/components/Header/Nav.jsx
FN:5,(anonymous_0)
FNF:1
FNH:1
FNDA:3,(anonymous_0)
DA:6,3
LF:1
LH:1
BRF:0
BRH:0
end_of_record
TN:
SF:/Users/andeladeveloper/projects/NewsFeedAPI/app/components/containers/Main.jsx
FN:11,(anonymous_0)
FNF:1
FNH:1
FNDA:2,(anonymous_0)
DA:12,2
LF:1
LH:1
BRF:0
BRH:0
end_of_record
TN:
SF:/Users/andeladeveloper/projects/NewsFeedAPI/app/constants/EventConstants.jsx
FNF:0
FNH:0
LF:0
LH:0
BRF:0
BRH:0
end_of_record
TN:
SF:/Users/andeladeveloper/projects/NewsFeedAPI/app/constants/NewsConstants.jsx
FNF:0
FNH:0
LF:0
LH:0
BRF:0
BRH:0
end_of_record
TN:
SF:/Users/andeladeveloper/projects/NewsFeedAPI/app/dispatcher/AppDispatcher.jsx
FNF:0
FNH:0
DA:4,9
LF:1
LH:1
BRF:0
BRH:0
end_of_record
TN:
SF:/Users/andeladeveloper/projects/NewsFeedAPI/app/stores/NewsStore.jsx
FN:30,(anonymous_0)
FNF:1
FNH:1
FNDA:1,(anonymous_0)
DA:8,7
DA:15,7
DA:17,7
DA:21,0
DA:25,7
DA:30,7
DA:31,1
DA:33,0
DA:34,0
DA:35,0
DA:36,0
DA:37,0
DA:38,0
DA:40,1
LF:14
LH:7
BRDA:31,0,0,0
BRDA:31,0,1,1
BRDA:33,1,0,0
BRDA:33,1,1,0
BRF:4
BRH:1
end_of_record
TN:
SF:/Users/andeladeveloper/projects/NewsFeedAPI/app/stores/SourceStore.js
FN:38,(anonymous_0)
FNF:1
FNH:1
FNDA:1,(anonymous_0)
DA:8,7
DA:13,7
DA:16,7
DA:20,0
DA:24,0
DA:28,1
DA:33,2
DA:38,7
DA:40,1
DA:42,1
DA:43,1
DA:44,1
DA:45,1
DA:48,0
LF:14
LH:11
BRDA:40,0,0,1
BRDA:40,0,1,0
BRDA:42,1,0,0
BRDA:42,1,1,1
BRF:4
BRH:2
end_of_record
TN:
SF:/Users/andeladeveloper/projects/NewsFeedAPI/app/utils/config.js
FNF:0
FNH:0
LF:0
LH:0
BRF:0
BRH:0
end_of_record
TN:
SF:/Users/andeladeveloper/projects/NewsFeedAPI/app/utils/share.jsx
FN:13,(anonymous_0)
FN:16,(anonymous_1)
FNF:2
FNH:0
FNDA:0,(anonymous_0)
FNDA:0,(anonymous_1)
DA:5,7
DA:7,7
DA:8,7
DA:9,7
DA:10,7
DA:14,0
DA:17,0
DA:18,0
DA:20,0
LF:9
LH:5
BRF:0
BRH:0
end_of_record
